<?xml version="1.0" encoding="UTF-8"?>
<testng-results skipped="0" failed="0" ignored="0" total="1" passed="1">
  <reporter-output>
  </reporter-output>
  <suite name="Command line suite" duration-ms="11" started-at="2020-11-09T17:11:39 IST" finished-at="2020-11-09T17:11:39 IST">
    <groups>
    </groups>
    <test name="Command line test" duration-ms="11" started-at="2020-11-09T17:11:39 IST" finished-at="2020-11-09T17:11:39 IST">
      <class name="MyGroupID.MyArtifactID.AppTest">
        <test-method status="PASS" signature="testApp()[pri:0, instance:testApp(MyGroupID.MyArtifactID.AppTest)]" name="testApp" duration-ms="1" started-at="2020-11-09T17:11:39 IST" finished-at="2020-11-09T17:11:39 IST">
          <reporter-output>
          </reporter-output>
        </test-method> <!-- testApp -->
      </class> <!-- MyGroupID.MyArtifactID.AppTest -->
    </test> <!-- Command line test -->
  </suite> <!-- Command line suite -->
</testng-results>
