<?xml version="1.0" encoding="UTF-8"?>
<!-- Generated by org.testng.reporters.JUnitXMLReporter -->
<testsuite hostname="N9626" name="Test" tests="3" failures="0" timestamp="21 Oct 2020 16:02:21 GMT" time="0.068" errors="0">
  <testcase name="MethodOne" time="0.029" classname="MyGroupID.MyArtifactID.SecondTest"/>
  <testcase name="MethodTwo" time="0.005" classname="MyGroupID.MyArtifactID.SecondTest"/>
  <testcase name="MethodOne" time="0.003" classname="MyGroupID.MyArtifactID.TestOneWithMVN"/>
</testsuite> <!-- Test -->
